Apr 20, 2019 2:11:12 AM launcher.Launcher needDownload
INFO: Version: "1.0"
Apr 20, 2019 2:11:19 AM launcher.Launcher needDownload
INFO: Downloading!
Apr 20, 2019 2:11:19 AM launcher.Launcher needDownload
INFO: Updated to version "1.0" from version "1.0"
Apr 20, 2019 2:11:19 AM launcher.Launcher <init>
INFO: Dir saves/ already exists
Apr 20, 2019 2:11:19 AM launcher.Launcher <init>
INFO: Dir sounds/ already exists
Apr 20, 2019 2:11:19 AM launcher.Launcher <init>
INFO: Dir images/ already exists
Apr 20, 2019 2:11:19 AM launcher.Launcher <init>
INFO: No need to download saves.txt!
Apr 20, 2019 2:11:20 AM launcher.Launcher <init>
INFO: No need to download images.txt!
Apr 20, 2019 2:11:20 AM launcher.Launcher <init>
INFO: false 228 || 228
Apr 20, 2019 2:11:20 AM launcher.Launcher <init>
INFO: No need to download sounds.txt!
Apr 20, 2019 2:11:20 AM launcher.Launcher <init>
INFO: false 2573 || 2573
Apr 20, 2019 2:11:20 AM launcher.Launcher <init>
INFO: No need to download images/alien.gif
Apr 20, 2019 2:11:20 AM launcher.Launcher <init>
INFO: false 510 || 510
Apr 20, 2019 2:11:20 AM launcher.Launcher <init>
INFO: No need to download images/alien.png
Apr 20, 2019 2:11:20 AM launcher.Launcher <init>
INFO: false 2655 || 2655
Apr 20, 2019 2:11:20 AM launcher.Launcher <init>
INFO: No need to download images/alien2.gif
Apr 20, 2019 2:11:21 AM launcher.Launcher <init>
INFO: false 2595 || 2595
Apr 20, 2019 2:11:21 AM launcher.Launcher <init>
INFO: No need to download images/alien3.gif
Apr 20, 2019 2:11:21 AM launcher.Launcher <init>
INFO: false 4368 || 4368
Apr 20, 2019 2:11:21 AM launcher.Launcher <init>
INFO: No need to download images/balloon.png
Apr 20, 2019 2:11:21 AM launcher.Launcher <init>
INFO: false 5960 || 5960
Apr 20, 2019 2:11:21 AM launcher.Launcher <init>
INFO: No need to download images/bomber.png
Apr 20, 2019 2:11:21 AM launcher.Launcher <init>
INFO: false 8632 || 8632
Apr 20, 2019 2:11:21 AM launcher.Launcher <init>
INFO: No need to download images/boss.png
Apr 20, 2019 2:11:21 AM launcher.Launcher <init>
INFO: false 31310 || 31310
Apr 20, 2019 2:11:21 AM launcher.Launcher <init>
INFO: No need to download images/bunker.png
Apr 20, 2019 2:11:22 AM launcher.Launcher <init>
INFO: false 31488 || 31488
Apr 20, 2019 2:11:22 AM launcher.Launcher <init>
INFO: No need to download images/bunker_hit.png
Apr 20, 2019 2:11:22 AM launcher.Launcher <init>
INFO: false 4014 || 4014
Apr 20, 2019 2:11:22 AM launcher.Launcher <init>
INFO: No need to download images/canon.png
Apr 20, 2019 2:11:22 AM launcher.Launcher <init>
INFO: false 2557 || 2557
Apr 20, 2019 2:11:22 AM launcher.Launcher <init>
INFO: No need to download images/craft.png
Apr 20, 2019 2:11:22 AM launcher.Launcher <init>
INFO: false 23091 || 23091
Apr 20, 2019 2:11:22 AM launcher.Launcher <init>
INFO: No need to download images/craft_shake.gif
Apr 20, 2019 2:11:22 AM launcher.Launcher <init>
INFO: false 9063 || 9063
Apr 20, 2019 2:11:23 AM launcher.Launcher <init>
INFO: No need to download images/evilhead.png
Apr 20, 2019 2:11:23 AM launcher.Launcher <init>
INFO: false 8996 || 8996
Apr 20, 2019 2:11:23 AM launcher.Launcher <init>
INFO: No need to download images/evilhead2.png
Apr 20, 2019 2:11:23 AM launcher.Launcher <init>
INFO: false 7393 || 7393
Apr 20, 2019 2:11:23 AM launcher.Launcher <init>
INFO: No need to download images/fireball.png
Apr 20, 2019 2:11:23 AM launcher.Launcher <init>
INFO: false 1067 || 1067
Apr 20, 2019 2:11:23 AM launcher.Launcher <init>
INFO: No need to download images/flames.png
Apr 20, 2019 2:11:23 AM launcher.Launcher <init>
INFO: false 253075 || 253075
Apr 20, 2019 2:11:23 AM launcher.Launcher <init>
INFO: No need to download images/galaxy2.jpg
Apr 20, 2019 2:11:24 AM launcher.Launcher <init>
INFO: false 79993 || 79993
Apr 20, 2019 2:11:24 AM launcher.Launcher <init>
INFO: No need to download images/galaxy3.jpg
Apr 20, 2019 2:11:24 AM launcher.Launcher <init>
INFO: false 1788 || 1788
Apr 20, 2019 2:11:24 AM launcher.Launcher <init>
INFO: No need to download images/gift.png
Apr 20, 2019 2:11:24 AM launcher.Launcher <init>
INFO: false 2198 || 2198
Apr 20, 2019 2:11:24 AM launcher.Launcher <init>
INFO: No need to download images/gift2.png
Apr 20, 2019 2:11:24 AM launcher.Launcher <init>
INFO: false 2355 || 2355
Apr 20, 2019 2:11:24 AM launcher.Launcher <init>
INFO: No need to download images/gold.png
Apr 20, 2019 2:11:24 AM launcher.Launcher <init>
INFO: false 2556 || 2556
Apr 20, 2019 2:11:24 AM launcher.Launcher <init>
INFO: No need to download images/health.png
Apr 20, 2019 2:11:25 AM launcher.Launcher <init>
INFO: false 2575 || 2575
Apr 20, 2019 2:11:25 AM launcher.Launcher <init>
INFO: No need to download images/hitcraft.gif
Apr 20, 2019 2:11:25 AM launcher.Launcher <init>
INFO: false 944 || 944
Apr 20, 2019 2:11:25 AM launcher.Launcher <init>
INFO: No need to download images/lifebar.png
Apr 20, 2019 2:11:25 AM launcher.Launcher <init>
INFO: false 5058 || 5058
Apr 20, 2019 2:11:25 AM launcher.Launcher <init>
INFO: No need to download images/lightning.png
Apr 20, 2019 2:11:25 AM launcher.Launcher <init>
INFO: false 10562 || 10562
Apr 20, 2019 2:11:25 AM launcher.Launcher <init>
INFO: No need to download images/magnetic.png
Apr 20, 2019 2:11:25 AM launcher.Launcher <init>
INFO: false 238 || 238
Apr 20, 2019 2:11:25 AM launcher.Launcher <init>
INFO: No need to download images/missile.png
Apr 20, 2019 2:11:26 AM launcher.Launcher <init>
INFO: false 1273 || 1273
Apr 20, 2019 2:11:26 AM launcher.Launcher <init>
INFO: No need to download images/mute.png
Apr 20, 2019 2:11:26 AM launcher.Launcher <init>
INFO: false 10671 || 10671
Apr 20, 2019 2:11:26 AM launcher.Launcher <init>
INFO: No need to download images/newship.png
Apr 20, 2019 2:11:26 AM launcher.Launcher <init>
INFO: false 1532 || 1532
Apr 20, 2019 2:11:26 AM launcher.Launcher <init>
INFO: No need to download images/rocket.png
Apr 20, 2019 2:11:26 AM launcher.Launcher <init>
INFO: false 398160 || 398160
Apr 20, 2019 2:11:26 AM launcher.Launcher <init>
INFO: No need to download images/shadow1.png
Apr 20, 2019 2:11:26 AM launcher.Launcher <init>
INFO: false 69498 || 69498
Apr 20, 2019 2:11:26 AM launcher.Launcher <init>
INFO: No need to download images/strikehead.gif
Apr 20, 2019 2:11:27 AM launcher.Launcher <init>
INFO: false 8794 || 8794
Apr 20, 2019 2:11:27 AM launcher.Launcher <init>
INFO: No need to download images/strikehead.png
Apr 20, 2019 2:11:27 AM launcher.Launcher <init>
INFO: false 293324 || 293324
Apr 20, 2019 2:11:27 AM launcher.Launcher <init>
INFO: No need to download images/tenor.gif
Apr 20, 2019 2:11:27 AM launcher.Launcher <init>
INFO: false 1616 || 1616
Apr 20, 2019 2:11:27 AM launcher.Launcher <init>
INFO: No need to download images/volbutt.png
Apr 20, 2019 2:11:27 AM launcher.Launcher <init>
INFO: false 7309 || 7309
Apr 20, 2019 2:11:27 AM launcher.Launcher <init>
INFO: No need to download images/_alien2.gif
Apr 20, 2019 2:11:27 AM launcher.Launcher <init>
INFO: false 19002 || 19002
Apr 20, 2019 2:11:27 AM launcher.Launcher <init>
INFO: No need to download images/_shadow1.png
Apr 20, 2019 2:11:28 AM launcher.Launcher <init>
INFO: false 4919 || 4919
Apr 20, 2019 2:11:28 AM launcher.Launcher <init>
INFO: No need to download images/saved.png
Apr 20, 2019 2:11:28 AM launcher.Launcher <init>
INFO: false 1004 || 1004
Apr 20, 2019 2:11:28 AM launcher.Launcher <init>
INFO: No need to download images/pointer.png
Apr 20, 2019 2:11:28 AM launcher.Launcher <init>
INFO: false 684110 || 684110
Apr 20, 2019 2:11:28 AM launcher.Launcher <init>
INFO: No need to download sounds/attack.wav
Apr 20, 2019 2:11:28 AM launcher.Launcher <init>
INFO: false 680114 || 680114
Apr 20, 2019 2:11:28 AM launcher.Launcher <init>
INFO: No need to download sounds/backmusic.wav
Apr 20, 2019 2:11:29 AM launcher.Launcher <init>
INFO: false 607538 || 607538
Apr 20, 2019 2:11:29 AM launcher.Launcher <init>
INFO: No need to download sounds/backmusic2.wav
Apr 20, 2019 2:11:29 AM launcher.Launcher <init>
INFO: false 3854 || 3854
Apr 20, 2019 2:11:29 AM launcher.Launcher <init>
INFO: No need to download sounds/bloop.wav
Apr 20, 2019 2:11:29 AM launcher.Launcher <init>
INFO: false 214956 || 214956
Apr 20, 2019 2:11:29 AM launcher.Launcher <init>
INFO: No need to download sounds/boing.wav
Apr 20, 2019 2:11:29 AM launcher.Launcher <init>
INFO: false 336506 || 336506
Apr 20, 2019 2:11:29 AM launcher.Launcher <init>
INFO: No need to download sounds/boing2.wav
Apr 20, 2019 2:11:30 AM launcher.Launcher <init>
INFO: false 321524 || 321524
Apr 20, 2019 2:11:30 AM launcher.Launcher <init>
INFO: No need to download sounds/burned.wav
Apr 20, 2019 2:11:30 AM launcher.Launcher <init>
INFO: false 308814 || 308814
Apr 20, 2019 2:11:30 AM launcher.Launcher <init>
INFO: No need to download sounds/collect.wav
Apr 20, 2019 2:11:30 AM launcher.Launcher <init>
INFO: false 387196 || 387196
Apr 20, 2019 2:11:30 AM launcher.Launcher <init>
INFO: No need to download sounds/denied.wav
Apr 20, 2019 2:11:30 AM launcher.Launcher <init>
INFO: false 530046 || 530046
Apr 20, 2019 2:11:30 AM launcher.Launcher <init>
INFO: No need to download sounds/explosion.wav
Apr 20, 2019 2:11:30 AM launcher.Launcher <init>
INFO: false 336680 || 336680
Apr 20, 2019 2:11:30 AM launcher.Launcher <init>
INFO: No need to download sounds/fin.wav
Apr 20, 2019 2:11:31 AM launcher.Launcher <init>
INFO: false 1009278 || 1009278
Apr 20, 2019 2:11:31 AM launcher.Launcher <init>
INFO: No need to download sounds/fuse.wav
Apr 20, 2019 2:11:31 AM launcher.Launcher <init>
INFO: false 445472 || 445472
Apr 20, 2019 2:11:31 AM launcher.Launcher <init>
INFO: No need to download sounds/highsc.wav
Apr 20, 2019 2:11:31 AM launcher.Launcher <init>
INFO: false 207438 || 207438
Apr 20, 2019 2:11:31 AM launcher.Launcher <init>
INFO: No need to download sounds/laser.wav
Apr 20, 2019 2:11:31 AM launcher.Launcher <init>
INFO: false 345722 || 345722
Apr 20, 2019 2:11:31 AM launcher.Launcher <init>
INFO: No need to download sounds/magic.wav
Apr 20, 2019 2:11:31 AM launcher.Launcher <init>
INFO: false 115278 || 115278
Apr 20, 2019 2:11:31 AM launcher.Launcher <init>
INFO: No need to download sounds/rocket.wav
Apr 20, 2019 2:11:32 AM launcher.Launcher <init>
INFO: false 80948 || 80948
Apr 20, 2019 2:11:32 AM launcher.Launcher <init>
INFO: No need to download sounds/scream.wav
Apr 20, 2019 2:11:32 AM launcher.Launcher <init>
INFO: false 183332 || 183332
Apr 20, 2019 2:11:32 AM launcher.Launcher <init>
INFO: No need to download sounds/smashed.wav
Apr 20, 2019 2:11:32 AM launcher.Launcher <init>
INFO: false 91762 || 91762
Apr 20, 2019 2:11:32 AM launcher.Launcher <init>
INFO: No need to download sounds/taunt.wav
Apr 20, 2019 2:11:32 AM launcher.Launcher <init>
INFO: Exists: true
