Jun 24, 2019 3:22:07 AM launcher.Launcher needDownload
INFO: Version: up-to-date
Jun 24, 2019 3:22:12 AM launcher.Launcher needDownload
INFO: Downloading!
Jun 24, 2019 3:22:12 AM launcher.Launcher needDownload
INFO: Updated to version "1.0" from version up-to-date
Jun 24, 2019 3:22:12 AM launcher.Launcher <init>
INFO: Dir saves/ already exists
Jun 24, 2019 3:22:12 AM launcher.Launcher <init>
INFO: Dir sounds/ already exists
Jun 24, 2019 3:22:12 AM launcher.Launcher <init>
INFO: Dir images/ already exists
Jun 24, 2019 3:22:12 AM Downloading from
	 https://raw.githubusercontent.com/Hunterszone/EvilGalaxy/master/saves/save.txt
To
	 saves/save.txt
 
INFO: 
Jun 24, 2019 3:22:13 AM launcher.Launcher <init>
INFO: No need to download images.txt!
Jun 24, 2019 3:22:13 AM launcher.Launcher <init>
INFO: No need to download sounds.txt!
Jun 24, 2019 3:22:13 AM launcher.Launcher <init>
INFO: No need to download images/alien.gif
Jun 24, 2019 3:22:13 AM launcher.Launcher <init>
INFO: No need to download images/alien.png
Jun 24, 2019 3:22:13 AM launcher.Launcher <init>
INFO: No need to download images/alien2.gif
Jun 24, 2019 3:22:13 AM launcher.Launcher <init>
INFO: No need to download images/alien3.gif
Jun 24, 2019 3:22:13 AM launcher.Launcher <init>
INFO: No need to download images/balloon.png
Jun 24, 2019 3:22:13 AM launcher.Launcher <init>
INFO: No need to download images/bomber.png
Jun 24, 2019 3:22:13 AM launcher.Launcher <init>
INFO: No need to download images/boss.png
Jun 24, 2019 3:22:13 AM launcher.Launcher <init>
INFO: No need to download images/bunker.png
Jun 24, 2019 3:22:13 AM launcher.Launcher <init>
INFO: No need to download images/bunker_hit.png
Jun 24, 2019 3:22:13 AM launcher.Launcher <init>
INFO: No need to download images/canon.png
Jun 24, 2019 3:22:13 AM launcher.Launcher <init>
INFO: No need to download images/craft.png
Jun 24, 2019 3:22:13 AM launcher.Launcher <init>
INFO: No need to download images/craft_shake.gif
Jun 24, 2019 3:22:13 AM launcher.Launcher <init>
INFO: No need to download images/evilhead.png
Jun 24, 2019 3:22:13 AM launcher.Launcher <init>
INFO: No need to download images/evilhead2.png
Jun 24, 2019 3:22:13 AM launcher.Launcher <init>
INFO: No need to download images/fireball.png
Jun 24, 2019 3:22:13 AM launcher.Launcher <init>
INFO: No need to download images/flames.png
Jun 24, 2019 3:22:13 AM launcher.Launcher <init>
INFO: No need to download images/galaxy2.jpg
Jun 24, 2019 3:22:13 AM launcher.Launcher <init>
INFO: No need to download images/galaxy3.jpg
Jun 24, 2019 3:22:13 AM launcher.Launcher <init>
INFO: No need to download images/gift.png
Jun 24, 2019 3:22:13 AM launcher.Launcher <init>
INFO: No need to download images/gift2.png
Jun 24, 2019 3:22:13 AM launcher.Launcher <init>
INFO: No need to download images/gold.png
Jun 24, 2019 3:22:13 AM launcher.Launcher <init>
INFO: No need to download images/health.png
Jun 24, 2019 3:22:13 AM launcher.Launcher <init>
INFO: No need to download images/hitcraft.gif
Jun 24, 2019 3:22:13 AM launcher.Launcher <init>
INFO: No need to download images/lifebar.png
Jun 24, 2019 3:22:13 AM launcher.Launcher <init>
INFO: No need to download images/lightning.png
Jun 24, 2019 3:22:13 AM launcher.Launcher <init>
INFO: No need to download images/magnetic.png
Jun 24, 2019 3:22:13 AM launcher.Launcher <init>
INFO: No need to download images/missile.png
Jun 24, 2019 3:22:13 AM launcher.Launcher <init>
INFO: No need to download images/mute.png
Jun 24, 2019 3:22:13 AM launcher.Launcher <init>
INFO: No need to download images/newship.png
Jun 24, 2019 3:22:13 AM launcher.Launcher <init>
INFO: No need to download images/rocket.png
Jun 24, 2019 3:22:14 AM launcher.Launcher <init>
INFO: No need to download images/shadow1.png
Jun 24, 2019 3:22:14 AM launcher.Launcher <init>
INFO: No need to download images/strikehead.gif
Jun 24, 2019 3:22:14 AM launcher.Launcher <init>
INFO: No need to download images/strikehead.png
Jun 24, 2019 3:22:14 AM launcher.Launcher <init>
INFO: No need to download images/tenor.gif
Jun 24, 2019 3:22:14 AM launcher.Launcher <init>
INFO: No need to download images/volbutt.png
Jun 24, 2019 3:22:14 AM launcher.Launcher <init>
INFO: No need to download images/_alien2.gif
Jun 24, 2019 3:22:14 AM launcher.Launcher <init>
INFO: No need to download images/_shadow1.png
Jun 24, 2019 3:22:14 AM launcher.Launcher <init>
INFO: No need to download images/saved.png
Jun 24, 2019 3:22:14 AM launcher.Launcher <init>
INFO: No need to download images/pointer.png
Jun 24, 2019 3:22:14 AM launcher.Launcher <init>
INFO: No need to download sounds/attack.wav
Jun 24, 2019 3:22:14 AM launcher.Launcher <init>
INFO: No need to download sounds/backmusic.wav
Jun 24, 2019 3:22:14 AM launcher.Launcher <init>
INFO: No need to download sounds/backmusic2.wav
Jun 24, 2019 3:22:14 AM launcher.Launcher <init>
INFO: No need to download sounds/bloop.wav
Jun 24, 2019 3:22:14 AM launcher.Launcher <init>
INFO: No need to download sounds/boing.wav
Jun 24, 2019 3:22:14 AM launcher.Launcher <init>
INFO: No need to download sounds/boing2.wav
Jun 24, 2019 3:22:14 AM launcher.Launcher <init>
INFO: No need to download sounds/burned.wav
Jun 24, 2019 3:22:14 AM launcher.Launcher <init>
INFO: No need to download sounds/collect.wav
Jun 24, 2019 3:22:14 AM launcher.Launcher <init>
INFO: No need to download sounds/denied.wav
Jun 24, 2019 3:22:14 AM launcher.Launcher <init>
INFO: No need to download sounds/explosion.wav
Jun 24, 2019 3:22:14 AM launcher.Launcher <init>
INFO: No need to download sounds/fin.wav
Jun 24, 2019 3:22:14 AM launcher.Launcher <init>
INFO: No need to download sounds/fuse.wav
Jun 24, 2019 3:22:14 AM launcher.Launcher <init>
INFO: No need to download sounds/highsc.wav
Jun 24, 2019 3:22:14 AM launcher.Launcher <init>
INFO: No need to download sounds/laser.wav
Jun 24, 2019 3:22:14 AM launcher.Launcher <init>
INFO: No need to download sounds/magic.wav
Jun 24, 2019 3:22:14 AM launcher.Launcher <init>
INFO: No need to download sounds/rocket.wav
Jun 24, 2019 3:22:14 AM launcher.Launcher <init>
INFO: No need to download sounds/scream.wav
Jun 24, 2019 3:22:14 AM launcher.Launcher <init>
INFO: No need to download sounds/smashed.wav
Jun 24, 2019 3:22:14 AM launcher.Launcher <init>
INFO: No need to download sounds/taunt.wav
Jun 24, 2019 3:22:14 AM launcher.Launcher <init>
INFO: Exists: true
Jun 24, 2019 3:22:14 AM Downloading from
	 https://raw.githubusercontent.com/Hunterszone/EvilGalaxy/master/EvilGalaxy.jar
To
	 EvilGalaxy.jar
 
INFO: 
