Buildfile: C:\Users\kdren\workspace\EvilGalaxy\build.xml

compile:
    [javac] Compiling 57 source files to C:\Users\kdren\workspace\EvilGalaxy\build\main
    [javac] C:\Users\kdren\workspace\EvilGalaxy\src\game_engine\DrawScene.java:11: error: package com.sun.speech.freetts does not exist
    [javac] import com.sun.speech.freetts.Voice;
    [javac]                              ^
    [javac] C:\Users\kdren\workspace\EvilGalaxy\src\game_engine\DrawScene.java:12: error: package com.sun.speech.freetts does not exist
    [javac] import com.sun.speech.freetts.VoiceManager;
    [javac]                              ^
    [javac] C:\Users\kdren\workspace\EvilGalaxy\src\game_engine\DrawScene.java:44: error: cannot find symbol
    [javac] 	static Voice voice;
    [javac] 	       ^
    [javac]   symbol:   class Voice
    [javac]   location: class DrawScene
    [javac] C:\Users\kdren\workspace\EvilGalaxy\src\suite\main\AllTests.java:3: error: package org.junit.runner does not exist
    [javac] import org.junit.runner.RunWith;
    [javac]                        ^
    [javac] C:\Users\kdren\workspace\EvilGalaxy\src\suite\main\AllTests.java:4: error: package org.junit.runners does not exist
    [javac] import org.junit.runners.Suite;
    [javac]                         ^
    [javac] C:\Users\kdren\workspace\EvilGalaxy\src\suite\main\AllTests.java:24: error: cannot find symbol
    [javac] @RunWith(Suite.class)
    [javac]  ^
    [javac]   symbol: class RunWith
    [javac] C:\Users\kdren\workspace\EvilGalaxy\src\suite\main\AllTests.java:25: error: package Suite does not exist
    [javac] @Suite.SuiteClasses({ AlienTests.class, DragonTests.class, BunkerBulletsTests.class, BunkerTests.class,
    [javac]       ^
    [javac] C:\Users\kdren\workspace\EvilGalaxy\src\suite\main\TestRunner.java:7: error: package org.junit.runner does not exist
    [javac] import org.junit.runner.JUnitCore;
    [javac]                        ^
    [javac] C:\Users\kdren\workspace\EvilGalaxy\src\suite\main\TestRunner.java:8: error: package org.junit.runner does not exist
    [javac] import org.junit.runner.Result;
    [javac]                        ^
    [javac] C:\Users\kdren\workspace\EvilGalaxy\src\suite\main\TestRunner.java:9: error: package org.junit.runner.notification does not exist
    [javac] import org.junit.runner.notification.Failure;
    [javac]                                     ^
    [javac] C:\Users\kdren\workspace\EvilGalaxy\src\suite\tests\AlienTests.java:3: error: package org.junit does not exist
    [javac] import static org.junit.Assert.assertFalse;
    [javac]                        ^
    [javac] C:\Users\kdren\workspace\EvilGalaxy\src\suite\tests\AlienTests.java:3: error: static import only from classes and interfaces
    [javac] import static org.junit.Assert.assertFalse;
    [javac] ^
    [javac] C:\Users\kdren\workspace\EvilGalaxy\src\suite\tests\AlienTests.java:4: error: package org.junit does not exist
    [javac] import static org.junit.Assert.assertNotNull;
    [javac]                        ^
    [javac] C:\Users\kdren\workspace\EvilGalaxy\src\suite\tests\AlienTests.java:4: error: static import only from classes and interfaces
    [javac] import static org.junit.Assert.assertNotNull;
    [javac] ^
    [javac] C:\Users\kdren\workspace\EvilGalaxy\src\suite\tests\AlienTests.java:6: error: package org.junit does not exist
    [javac] import org.junit.After;
    [javac]                 ^
    [javac] C:\Users\kdren\workspace\EvilGalaxy\src\suite\tests\AlienTests.java:7: error: package org.junit does not exist
    [javac] import org.junit.Before;
    [javac]                 ^
    [javac] C:\Users\kdren\workspace\EvilGalaxy\src\suite\tests\AlienTests.java:8: error: package org.junit does not exist
    [javac] import org.junit.Test;
    [javac]                 ^
    [javac] C:\Users\kdren\workspace\EvilGalaxy\src\suite\tests\BunkerBulletsTests.java:3: error: package org.junit does not exist
    [javac] import static org.junit.Assert.assertFalse;
    [javac]                        ^
    [javac] C:\Users\kdren\workspace\EvilGalaxy\src\suite\tests\BunkerBulletsTests.java:3: error: static import only from classes and interfaces
    [javac] import static org.junit.Assert.assertFalse;
    [javac] ^
    [javac] C:\Users\kdren\workspace\EvilGalaxy\src\suite\tests\BunkerBulletsTests.java:4: error: package org.junit does not exist
    [javac] import static org.junit.Assert.assertNotNull;
    [javac]                        ^
    [javac] C:\Users\kdren\workspace\EvilGalaxy\src\suite\tests\BunkerBulletsTests.java:4: error: static import only from classes and interfaces
    [javac] import static org.junit.Assert.assertNotNull;
    [javac] ^
    [javac] C:\Users\kdren\workspace\EvilGalaxy\src\suite\tests\BunkerBulletsTests.java:6: error: package org.junit does not exist
    [javac] import org.junit.After;
    [javac]                 ^
    [javac] C:\Users\kdren\workspace\EvilGalaxy\src\suite\tests\BunkerBulletsTests.java:7: error: package org.junit does not exist
    [javac] import org.junit.Before;
    [javac]                 ^
    [javac] C:\Users\kdren\workspace\EvilGalaxy\src\suite\tests\BunkerBulletsTests.java:8: error: package org.junit does not exist
    [javac] import org.junit.Test;
    [javac]                 ^
    [javac] C:\Users\kdren\workspace\EvilGalaxy\src\suite\tests\BunkerTests.java:3: error: package org.junit does not exist
    [javac] import static org.junit.Assert.assertFalse;
    [javac]                        ^
    [javac] C:\Users\kdren\workspace\EvilGalaxy\src\suite\tests\BunkerTests.java:3: error: static import only from classes and interfaces
    [javac] import static org.junit.Assert.assertFalse;
    [javac] ^
    [javac] C:\Users\kdren\workspace\EvilGalaxy\src\suite\tests\BunkerTests.java:4: error: package org.junit does not exist
    [javac] import static org.junit.Assert.assertNotNull;
    [javac]                        ^
    [javac] C:\Users\kdren\workspace\EvilGalaxy\src\suite\tests\BunkerTests.java:4: error: static import only from classes and interfaces
    [javac] import static org.junit.Assert.assertNotNull;
    [javac] ^
    [javac] C:\Users\kdren\workspace\EvilGalaxy\src\suite\tests\BunkerTests.java:6: error: package org.junit does not exist
    [javac] import org.junit.After;
    [javac]                 ^
    [javac] C:\Users\kdren\workspace\EvilGalaxy\src\suite\tests\BunkerTests.java:7: error: package org.junit does not exist
    [javac] import org.junit.Before;
    [javac]                 ^
    [javac] C:\Users\kdren\workspace\EvilGalaxy\src\suite\tests\BunkerTests.java:8: error: package org.junit does not exist
    [javac] import org.junit.Test;
    [javac]                 ^
    [javac] C:\Users\kdren\workspace\EvilGalaxy\src\suite\tests\CanonBallTests.java:3: error: package org.junit does not exist
    [javac] import static org.junit.Assert.assertFalse;
    [javac]                        ^
    [javac] C:\Users\kdren\workspace\EvilGalaxy\src\suite\tests\CanonBallTests.java:3: error: static import only from classes and interfaces
    [javac] import static org.junit.Assert.assertFalse;
    [javac] ^
    [javac] C:\Users\kdren\workspace\EvilGalaxy\src\suite\tests\CanonBallTests.java:4: error: package org.junit does not exist
    [javac] import static org.junit.Assert.assertNotNull;
    [javac]                        ^
    [javac] C:\Users\kdren\workspace\EvilGalaxy\src\suite\tests\CanonBallTests.java:4: error: static import only from classes and interfaces
    [javac] import static org.junit.Assert.assertNotNull;
    [javac] ^
    [javac] C:\Users\kdren\workspace\EvilGalaxy\src\suite\tests\CanonBallTests.java:6: error: package org.junit does not exist
    [javac] import org.junit.After;
    [javac]                 ^
    [javac] C:\Users\kdren\workspace\EvilGalaxy\src\suite\tests\CanonBallTests.java:7: error: package org.junit does not exist
    [javac] import org.junit.Before;
    [javac]                 ^
    [javac] C:\Users\kdren\workspace\EvilGalaxy\src\suite\tests\CanonBallTests.java:8: error: package org.junit does not exist
    [javac] import org.junit.Test;
    [javac]                 ^
    [javac] C:\Users\kdren\workspace\EvilGalaxy\src\suite\tests\CollisionsTests.java:3: error: package org.junit does not exist
    [javac] import static org.junit.Assert.assertTrue;
    [javac]                        ^
    [javac] C:\Users\kdren\workspace\EvilGalaxy\src\suite\tests\CollisionsTests.java:3: error: static import only from classes and interfaces
    [javac] import static org.junit.Assert.assertTrue;
    [javac] ^
    [javac] C:\Users\kdren\workspace\EvilGalaxy\src\suite\tests\CollisionsTests.java:7: error: package org.junit does not exist
    [javac] import org.junit.After;
    [javac]                 ^
    [javac] C:\Users\kdren\workspace\EvilGalaxy\src\suite\tests\CollisionsTests.java:8: error: package org.junit does not exist
    [javac] import org.junit.Before;
    [javac]                 ^
    [javac] C:\Users\kdren\workspace\EvilGalaxy\src\suite\tests\CollisionsTests.java:9: error: package org.junit does not exist
    [javac] import org.junit.Test;
    [javac]                 ^
    [javac] C:\Users\kdren\workspace\EvilGalaxy\src\suite\tests\ConsoleContentClassTests.java:3: error: package org.junit does not exist
    [javac] import static org.junit.Assert.assertTrue;
    [javac]                        ^
    [javac] C:\Users\kdren\workspace\EvilGalaxy\src\suite\tests\ConsoleContentClassTests.java:3: error: static import only from classes and interfaces
    [javac] import static org.junit.Assert.assertTrue;
    [javac] ^
    [javac] C:\Users\kdren\workspace\EvilGalaxy\src\suite\tests\ConsoleContentClassTests.java:5: error: package org.junit does not exist
    [javac] import org.junit.Test;
    [javac]                 ^
    [javac] C:\Users\kdren\workspace\EvilGalaxy\src\suite\tests\CrosshairTests.java:3: error: package org.junit does not exist
    [javac] import static org.junit.Assert.assertFalse;
    [javac]                        ^
    [javac] C:\Users\kdren\workspace\EvilGalaxy\src\suite\tests\CrosshairTests.java:3: error: static import only from classes and interfaces
    [javac] import static org.junit.Assert.assertFalse;
    [javac] ^
    [javac] C:\Users\kdren\workspace\EvilGalaxy\src\suite\tests\CrosshairTests.java:4: error: package org.junit does not exist
    [javac] import static org.junit.Assert.assertNotNull;
    [javac]                        ^
    [javac] C:\Users\kdren\workspace\EvilGalaxy\src\suite\tests\CrosshairTests.java:4: error: static import only from classes and interfaces
    [javac] import static org.junit.Assert.assertNotNull;
    [javac] ^
    [javac] C:\Users\kdren\workspace\EvilGalaxy\src\suite\tests\CrosshairTests.java:6: error: package org.junit does not exist
    [javac] import org.junit.After;
    [javac]                 ^
    [javac] C:\Users\kdren\workspace\EvilGalaxy\src\suite\tests\CrosshairTests.java:7: error: package org.junit does not exist
    [javac] import org.junit.Before;
    [javac]                 ^
    [javac] C:\Users\kdren\workspace\EvilGalaxy\src\suite\tests\CrosshairTests.java:8: error: package org.junit does not exist
    [javac] import org.junit.Test;
    [javac]                 ^
    [javac] C:\Users\kdren\workspace\EvilGalaxy\src\suite\tests\DragonTests.java:3: error: package org.junit does not exist
    [javac] import static org.junit.Assert.assertFalse;
    [javac]                        ^
    [javac] C:\Users\kdren\workspace\EvilGalaxy\src\suite\tests\DragonTests.java:3: error: static import only from classes and interfaces
    [javac] import static org.junit.Assert.assertFalse;
    [javac] ^
    [javac] C:\Users\kdren\workspace\EvilGalaxy\src\suite\tests\DragonTests.java:4: error: package org.junit does not exist
    [javac] import static org.junit.Assert.assertNotNull;
    [javac]                        ^
    [javac] C:\Users\kdren\workspace\EvilGalaxy\src\suite\tests\DragonTests.java:4: error: static import only from classes and interfaces
    [javac] import static org.junit.Assert.assertNotNull;
    [javac] ^
    [javac] C:\Users\kdren\workspace\EvilGalaxy\src\suite\tests\DragonTests.java:6: error: package org.junit does not exist
    [javac] import org.junit.After;
    [javac]                 ^
    [javac] C:\Users\kdren\workspace\EvilGalaxy\src\suite\tests\DragonTests.java:7: error: package org.junit does not exist
    [javac] import org.junit.Before;
    [javac]                 ^
    [javac] C:\Users\kdren\workspace\EvilGalaxy\src\suite\tests\DragonTests.java:8: error: package org.junit does not exist
    [javac] import org.junit.Test;
    [javac]                 ^
    [javac] C:\Users\kdren\workspace\EvilGalaxy\src\suite\tests\EvilHeadTests.java:3: error: package org.junit does not exist
    [javac] import static org.junit.Assert.assertFalse;
    [javac]                        ^
    [javac] C:\Users\kdren\workspace\EvilGalaxy\src\suite\tests\EvilHeadTests.java:3: error: static import only from classes and interfaces
    [javac] import static org.junit.Assert.assertFalse;
    [javac] ^
    [javac] C:\Users\kdren\workspace\EvilGalaxy\src\suite\tests\EvilHeadTests.java:4: error: package org.junit does not exist
    [javac] import static org.junit.Assert.assertNotNull;
    [javac]                        ^
    [javac] C:\Users\kdren\workspace\EvilGalaxy\src\suite\tests\EvilHeadTests.java:4: error: static import only from classes and interfaces
    [javac] import static org.junit.Assert.assertNotNull;
    [javac] ^
    [javac] C:\Users\kdren\workspace\EvilGalaxy\src\suite\tests\EvilHeadTests.java:6: error: package org.junit does not exist
    [javac] import org.junit.After;
    [javac]                 ^
    [javac] C:\Users\kdren\workspace\EvilGalaxy\src\suite\tests\EvilHeadTests.java:7: error: package org.junit does not exist
    [javac] import org.junit.Before;
    [javac]                 ^
    [javac] C:\Users\kdren\workspace\EvilGalaxy\src\suite\tests\EvilHeadTests.java:8: error: package org.junit does not exist
    [javac] import org.junit.Test;
    [javac]                 ^
    [javac] C:\Users\kdren\workspace\EvilGalaxy\src\suite\tests\FireBallTests.java:3: error: package org.junit does not exist
    [javac] import static org.junit.Assert.assertFalse;
    [javac]                        ^
    [javac] C:\Users\kdren\workspace\EvilGalaxy\src\suite\tests\FireBallTests.java:3: error: static import only from classes and interfaces
    [javac] import static org.junit.Assert.assertFalse;
    [javac] ^
    [javac] C:\Users\kdren\workspace\EvilGalaxy\src\suite\tests\FireBallTests.java:4: error: package org.junit does not exist
    [javac] import static org.junit.Assert.assertNotNull;
    [javac]                        ^
    [javac] C:\Users\kdren\workspace\EvilGalaxy\src\suite\tests\FireBallTests.java:4: error: static import only from classes and interfaces
    [javac] import static org.junit.Assert.assertNotNull;
    [javac] ^
    [javac] C:\Users\kdren\workspace\EvilGalaxy\src\suite\tests\FireBallTests.java:6: error: package org.junit does not exist
    [javac] import org.junit.After;
    [javac]                 ^
    [javac] C:\Users\kdren\workspace\EvilGalaxy\src\suite\tests\FireBallTests.java:7: error: package org.junit does not exist
    [javac] import org.junit.Before;
    [javac]                 ^
    [javac] C:\Users\kdren\workspace\EvilGalaxy\src\suite\tests\FireBallTests.java:8: error: package org.junit does not exist
    [javac] import org.junit.Test;
    [javac]                 ^
    [javac] C:\Users\kdren\workspace\EvilGalaxy\src\suite\tests\GoldTests.java:3: error: package org.junit does not exist
    [javac] import static org.junit.Assert.assertFalse;
    [javac]                        ^
    [javac] C:\Users\kdren\workspace\EvilGalaxy\src\suite\tests\GoldTests.java:3: error: static import only from classes and interfaces
    [javac] import static org.junit.Assert.assertFalse;
    [javac] ^
    [javac] C:\Users\kdren\workspace\EvilGalaxy\src\suite\tests\GoldTests.java:4: error: package org.junit does not exist
    [javac] import static org.junit.Assert.assertNotNull;
    [javac]                        ^
    [javac] C:\Users\kdren\workspace\EvilGalaxy\src\suite\tests\GoldTests.java:4: error: static import only from classes and interfaces
    [javac] import static org.junit.Assert.assertNotNull;
    [javac] ^
    [javac] C:\Users\kdren\workspace\EvilGalaxy\src\suite\tests\GoldTests.java:6: error: package org.junit does not exist
    [javac] import org.junit.After;
    [javac]                 ^
    [javac] C:\Users\kdren\workspace\EvilGalaxy\src\suite\tests\GoldTests.java:7: error: package org.junit does not exist
    [javac] import org.junit.Before;
    [javac]                 ^
    [javac] C:\Users\kdren\workspace\EvilGalaxy\src\suite\tests\GoldTests.java:8: error: package org.junit does not exist
    [javac] import org.junit.Test;
    [javac]                 ^
    [javac] C:\Users\kdren\workspace\EvilGalaxy\src\suite\tests\HealthPackTests.java:3: error: package org.junit does not exist
    [javac] import static org.junit.Assert.assertFalse;
    [javac]                        ^
    [javac] C:\Users\kdren\workspace\EvilGalaxy\src\suite\tests\HealthPackTests.java:3: error: static import only from classes and interfaces
    [javac] import static org.junit.Assert.assertFalse;
    [javac] ^
    [javac] C:\Users\kdren\workspace\EvilGalaxy\src\suite\tests\HealthPackTests.java:4: error: package org.junit does not exist
    [javac] import static org.junit.Assert.assertNotNull;
    [javac]                        ^
    [javac] C:\Users\kdren\workspace\EvilGalaxy\src\suite\tests\HealthPackTests.java:4: error: static import only from classes and interfaces
    [javac] import static org.junit.Assert.assertNotNull;
    [javac] ^
    [javac] C:\Users\kdren\workspace\EvilGalaxy\src\suite\tests\HealthPackTests.java:6: error: package org.junit does not exist
    [javac] import org.junit.After;
    [javac]                 ^
    [javac] C:\Users\kdren\workspace\EvilGalaxy\src\suite\tests\HealthPackTests.java:7: error: package org.junit does not exist
    [javac] import org.junit.Before;
    [javac]                 ^
    [javac] C:\Users\kdren\workspace\EvilGalaxy\src\suite\tests\HealthPackTests.java:8: error: package org.junit does not exist
    [javac] import org.junit.Test;
    [javac]                 ^
    [javac] C:\Users\kdren\workspace\EvilGalaxy\src\suite\tests\MainClassTests.java:3: error: package org.junit does not exist
    [javac] import static org.junit.Assert.assertFalse;
    [javac]                        ^
    [javac] C:\Users\kdren\workspace\EvilGalaxy\src\suite\tests\MainClassTests.java:3: error: static import only from classes and interfaces
    [javac] import static org.junit.Assert.assertFalse;
    [javac] ^
    [javac] C:\Users\kdren\workspace\EvilGalaxy\src\suite\tests\MainClassTests.java:4: error: package org.junit does not exist
    [javac] import static org.junit.Assert.assertTrue;
    [javac]                        ^
    [javac] C:\Users\kdren\workspace\EvilGalaxy\src\suite\tests\MainClassTests.java:4: error: static import only from classes and interfaces
    [javac] import static org.junit.Assert.assertTrue;
    [javac] ^
    [javac] C:\Users\kdren\workspace\EvilGalaxy\src\suite\tests\MainClassTests.java:6: error: package org.junit does not exist
    [javac] import org.junit.After;
    [javac]                 ^
    [javac] C:\Users\kdren\workspace\EvilGalaxy\src\suite\tests\MainClassTests.java:7: error: package org.junit does not exist
    [javac] import org.junit.Before;
    [javac]                 ^
    [javac] C:\Users\kdren\workspace\EvilGalaxy\src\suite\tests\MainClassTests.java:8: error: package org.junit does not exist
    [javac] import org.junit.Test;
    [javac]                 ^
    [javac] C:\Users\kdren\workspace\EvilGalaxy\src\suite\tests\MyShipTests.java:3: error: package org.junit does not exist
    [javac] import static org.junit.Assert.assertFalse;
    [javac]                        ^
    [javac] C:\Users\kdren\workspace\EvilGalaxy\src\suite\tests\MyShipTests.java:3: error: static import only from classes and interfaces
    [javac] import static org.junit.Assert.assertFalse;
    [javac] ^
    [javac] C:\Users\kdren\workspace\EvilGalaxy\src\suite\tests\MyShipTests.java:4: error: package org.junit does not exist
    [javac] import static org.junit.Assert.assertNotNull;
    [javac]                        ^
    [javac] C:\Users\kdren\workspace\EvilGalaxy\src\suite\tests\MyShipTests.java:4: error: static import only from classes and interfaces
    [javac] import static org.junit.Assert.assertNotNull;
    [javac] ^
    [javac] C:\Users\kdren\workspace\EvilGalaxy\src\suite\tests\MyShipTests.java:5: error: package org.junit does not exist
    [javac] import static org.junit.Assert.assertTrue;
    [javac]                        ^
    [javac] 100 errors
